1578922411643	mozrunner::runner	INFO	Running command: "C:\\Program Files\\Mozilla Firefox\\firefox.exe" "-marionette" "-headless" "-foreground" "-no-remote" "-profile" "C:\\Users\\arpan\\AppData\\Local\\Temp\\rust_mozprofileoTsr5X"
*** You are running in headless mode.
1578922411892	addons.webextension.doh-rollout@mozilla.org	WARN	Loading extension 'doh-rollout@mozilla.org': Reading manifest: Invalid extension permission: networkStatus
1578922411978	addons.webextension.screenshots@mozilla.org	WARN	Loading extension 'screenshots@mozilla.org': Reading manifest: Invalid extension permission: mozillaAddons
1578922411978	addons.webextension.screenshots@mozilla.org	WARN	Loading extension 'screenshots@mozilla.org': Reading manifest: Invalid extension permission: telemetry
1578922412001	addons.webextension.screenshots@mozilla.org	WARN	Loading extension 'screenshots@mozilla.org': Reading manifest: Invalid extension permission: resource://pdf.js/
1578922412001	addons.webextension.screenshots@mozilla.org	WARN	Loading extension 'screenshots@mozilla.org': Reading manifest: Invalid extension permission: about:reader*
JavaScript error: resource://gre/modules/XULStore.jsm, line 66: Error: Can't find profile directory.
1578922413103	Marionette	INFO	Listening on port 49786
1578922413151	Marionette	WARN	TLS certificate errors will be ignored for this session
JavaScript warning: https://www.bloomberg.com/8FCGYgk4/init.js, line 3: Error: WebGL warning: <SetDimensions>: Can't use WebGL in headless mode (https://bugzil.la/1375585).
JavaScript warning: https://www.bloomberg.com/8FCGYgk4/init.js, line 3: Error: WebGL warning: <SetDimensions>: Failed to create WebGL context: WebGL creation failed: 
* Can't use WebGL in headless mode (https://bugzil.la/1375585).
JavaScript warning: https://www.bloomberg.com/8FCGYgk4/init.js, line 3: Error: WebGL warning: <SetDimensions>: Can't use WebGL in headless mode (https://bugzil.la/1375585).
JavaScript warning: https://www.bloomberg.com/8FCGYgk4/init.js, line 3: Error: WebGL warning: <SetDimensions>: Failed to create WebGL context: WebGL creation failed: 
* Can't use WebGL in headless mode (https://bugzil.la/1375585).
JavaScript warning: https://z.moatads.com/bloombergprebidheader853620778109/moatheader.js, line 197: Error: WebGL warning: <SetDimensions>: Can't use WebGL in headless mode (https://bugzil.la/1375585).
JavaScript warning: https://z.moatads.com/bloombergprebidheader853620778109/moatheader.js, line 197: Error: WebGL warning: <SetDimensions>: Failed to create WebGL context: WebGL creation failed: 
* Can't use WebGL in headless mode (https://bugzil.la/1375585).
JavaScript warning: https://z.moatads.com/bloombergprebidheader853620778109/moatheader.js, line 197: Error: WebGL warning: <SetDimensions>: Can't use WebGL in headless mode (https://bugzil.la/1375585).
JavaScript warning: https://z.moatads.com/bloombergprebidheader853620778109/moatheader.js, line 197: Error: WebGL warning: <SetDimensions>: Failed to create WebGL context: WebGL creation failed: 
* Can't use WebGL in headless mode (https://bugzil.la/1375585).
JavaScript error: https://assets.bwbx.io/s3/navi/js/header-19bc429f9942c7b6ccba.js, line 11: Error: Timed Out waiting for event: abba:ready
1578922422029	Marionette	INFO	Stopped listening on port 49786

###!!! [Child][RunMessage] Error: Channel closing: too late to send/recv, messages will be lost

1578922451905	mozrunner::runner	INFO	Running command: "C:\\Program Files\\Mozilla Firefox\\firefox.exe" "-marionette" "-headless" "-foreground" "-no-remote" "-profile" "C:\\Users\\arpan\\AppData\\Local\\Temp\\rust_mozprofileFatsda"
*** You are running in headless mode.
1578922452154	addons.webextension.doh-rollout@mozilla.org	WARN	Loading extension 'doh-rollout@mozilla.org': Reading manifest: Invalid extension permission: networkStatus
1578922452238	addons.webextension.screenshots@mozilla.org	WARN	Loading extension 'screenshots@mozilla.org': Reading manifest: Invalid extension permission: mozillaAddons
1578922452239	addons.webextension.screenshots@mozilla.org	WARN	Loading extension 'screenshots@mozilla.org': Reading manifest: Invalid extension permission: telemetry
1578922452239	addons.webextension.screenshots@mozilla.org	WARN	Loading extension 'screenshots@mozilla.org': Reading manifest: Invalid extension permission: resource://pdf.js/
1578922452239	addons.webextension.screenshots@mozilla.org	WARN	Loading extension 'screenshots@mozilla.org': Reading manifest: Invalid extension permission: about:reader*
JavaScript error: resource://gre/modules/XULStore.jsm, line 66: Error: Can't find profile directory.
1578922453297	Marionette	INFO	Listening on port 50049
1578922453412	Marionette	WARN	TLS certificate errors will be ignored for this session
JavaScript warning: https://z.moatads.com/bloombergprebidheader853620778109/moatheader.js, line 197: Error: WebGL warning: <SetDimensions>: Can't use WebGL in headless mode (https://bugzil.la/1375585).
JavaScript warning: https://z.moatads.com/bloombergprebidheader853620778109/moatheader.js, line 197: Error: WebGL warning: <SetDimensions>: Failed to create WebGL context: WebGL creation failed: 
* Can't use WebGL in headless mode (https://bugzil.la/1375585).
JavaScript warning: https://z.moatads.com/bloombergprebidheader853620778109/moatheader.js, line 197: Error: WebGL warning: <SetDimensions>: Can't use WebGL in headless mode (https://bugzil.la/1375585).
JavaScript warning: https://z.moatads.com/bloombergprebidheader853620778109/moatheader.js, line 197: Error: WebGL warning: <SetDimensions>: Failed to create WebGL context: WebGL creation failed: 
* Can't use WebGL in headless mode (https://bugzil.la/1375585).
JavaScript warning: https://www.bloomberg.com/8FCGYgk4/init.js, line 3: Error: WebGL warning: <SetDimensions>: Can't use WebGL in headless mode (https://bugzil.la/1375585).
JavaScript warning: https://www.bloomberg.com/8FCGYgk4/init.js, line 3: Error: WebGL warning: <SetDimensions>: Failed to create WebGL context: WebGL creation failed: 
* Can't use WebGL in headless mode (https://bugzil.la/1375585).
JavaScript warning: https://www.bloomberg.com/8FCGYgk4/init.js, line 3: Error: WebGL warning: <SetDimensions>: Can't use WebGL in headless mode (https://bugzil.la/1375585).
JavaScript warning: https://www.bloomberg.com/8FCGYgk4/init.js, line 3: Error: WebGL warning: <SetDimensions>: Failed to create WebGL context: WebGL creation failed: 
* Can't use WebGL in headless mode (https://bugzil.la/1375585).
JavaScript error: https://assets.bwbx.io/s3/navi/js/header-19bc429f9942c7b6ccba.js, line 11: Error: Timed Out waiting for event: abba:ready
1578922462313	Marionette	INFO	Stopped listening on port 50049
1578925637788	mozrunner::runner	INFO	Running command: "C:\\Program Files\\Mozilla Firefox\\firefox.exe" "-marionette" "-headless" "-foreground" "-no-remote" "-profile" "C:\\Users\\arpan\\AppData\\Local\\Temp\\rust_mozprofileVD7M8u"
*** You are running in headless mode.
1578925639105	addons.webextension.doh-rollout@mozilla.org	WARN	Loading extension 'doh-rollout@mozilla.org': Reading manifest: Invalid extension permission: networkStatus
1578925639319	addons.webextension.screenshots@mozilla.org	WARN	Loading extension 'screenshots@mozilla.org': Reading manifest: Invalid extension permission: mozillaAddons
1578925639319	addons.webextension.screenshots@mozilla.org	WARN	Loading extension 'screenshots@mozilla.org': Reading manifest: Invalid extension permission: telemetry
1578925639319	addons.webextension.screenshots@mozilla.org	WARN	Loading extension 'screenshots@mozilla.org': Reading manifest: Invalid extension permission: resource://pdf.js/
1578925639319	addons.webextension.screenshots@mozilla.org	WARN	Loading extension 'screenshots@mozilla.org': Reading manifest: Invalid extension permission: about:reader*
JavaScript error: resource://gre/modules/XULStore.jsm, line 66: Error: Can't find profile directory.
1578925643040	Marionette	INFO	Listening on port 50345
1578925643528	Marionette	WARN	TLS certificate errors will be ignored for this session
JavaScript warning: https://www.bloomberg.com/8FCGYgk4/init.js, line 3: Error: WebGL warning: <SetDimensions>: Can't use WebGL in headless mode (https://bugzil.la/1375585).
JavaScript warning: https://www.bloomberg.com/8FCGYgk4/init.js, line 3: Error: WebGL warning: <SetDimensions>: Failed to create WebGL context: WebGL creation failed: 
* Can't use WebGL in headless mode (https://bugzil.la/1375585).
JavaScript warning: https://www.bloomberg.com/8FCGYgk4/init.js, line 3: Error: WebGL warning: <SetDimensions>: Can't use WebGL in headless mode (https://bugzil.la/1375585).
JavaScript warning: https://www.bloomberg.com/8FCGYgk4/init.js, line 3: Error: WebGL warning: <SetDimensions>: Failed to create WebGL context: WebGL creation failed: 
* Can't use WebGL in headless mode (https://bugzil.la/1375585).
JavaScript warning: https://z.moatads.com/bloombergprebidheader853620778109/moatheader.js, line 197: Error: WebGL warning: <SetDimensions>: Can't use WebGL in headless mode (https://bugzil.la/1375585).
JavaScript warning: https://z.moatads.com/bloombergprebidheader853620778109/moatheader.js, line 197: Error: WebGL warning: <SetDimensions>: Failed to create WebGL context: WebGL creation failed: 
* Can't use WebGL in headless mode (https://bugzil.la/1375585).
JavaScript warning: https://z.moatads.com/bloombergprebidheader853620778109/moatheader.js, line 197: Error: WebGL warning: <SetDimensions>: Can't use WebGL in headless mode (https://bugzil.la/1375585).
JavaScript warning: https://z.moatads.com/bloombergprebidheader853620778109/moatheader.js, line 197: Error: WebGL warning: <SetDimensions>: Failed to create WebGL context: WebGL creation failed: 
* Can't use WebGL in headless mode (https://bugzil.la/1375585).
JavaScript error: https://assets.bwbx.io/s3/navi/js/header-19bc429f9942c7b6ccba.js, line 11: Error: Timed Out waiting for event: abba:ready
JavaScript error: https://widgets.bankrate.com/js/bundle.min.js?rel=9754f27da2, line 42: SyntaxError: JSON.parse: unexpected character at line 1 column 1 of the JSON data
JavaScript error: https://widgets.bankrate.com/js/bundle.min.js?rel=9754f27da2, line 42: SyntaxError: JSON.parse: unexpected character at line 1 column 1 of the JSON data
JavaScript error: https://widgets.bankrate.com/js/bundle.min.js?rel=9754f27da2, line 42: SyntaxError: JSON.parse: unexpected character at line 1 column 1 of the JSON data
JavaScript error: https://widgets.bankrate.com/js/bundle.min.js?rel=9754f27da2, line 42: SyntaxError: JSON.parse: unexpected character at line 1 column 1 of the JSON data
JavaScript error: https://widgets.bankrate.com/js/bundle.min.js?rel=9754f27da2, line 42: SyntaxError: JSON.parse: unexpected character at line 1 column 1 of the JSON data
JavaScript error: https://widgets.bankrate.com/js/bundle.min.js?rel=9754f27da2, line 42: SyntaxError: JSON.parse: unexpected character at line 1 column 1 of the JSON data
JavaScript error: https://widgets.bankrate.com/js/bundle.min.js?rel=9754f27da2, line 42: SyntaxError: JSON.parse: unexpected character at line 1 column 1 of the JSON data
JavaScript error: https://widgets.bankrate.com/js/bundle.min.js?rel=9754f27da2, line 42: SyntaxError: JSON.parse: unexpected character at line 1 column 1 of the JSON data
1578925652443	Marionette	INFO	Stopped listening on port 50345

###!!! [Child][MessageChannel] Error: (msgtype=0x660029,name=PNecko::Msg_RemoveRequestContext) Channel closing: too late to send/recv, messages will be lost

1578925717432	mozrunner::runner	INFO	Running command: "C:\\Program Files\\Mozilla Firefox\\firefox.exe" "-marionette" "-headless" "-foreground" "-no-remote" "-profile" "C:\\Users\\arpan\\AppData\\Local\\Temp\\rust_mozprofilepzfyPG"
*** You are running in headless mode.
1578925717918	addons.webextension.doh-rollout@mozilla.org	WARN	Loading extension 'doh-rollout@mozilla.org': Reading manifest: Invalid extension permission: networkStatus
1578925718015	addons.webextension.screenshots@mozilla.org	WARN	Loading extension 'screenshots@mozilla.org': Reading manifest: Invalid extension permission: mozillaAddons
1578925718015	addons.webextension.screenshots@mozilla.org	WARN	Loading extension 'screenshots@mozilla.org': Reading manifest: Invalid extension permission: telemetry
1578925718015	addons.webextension.screenshots@mozilla.org	WARN	Loading extension 'screenshots@mozilla.org': Reading manifest: Invalid extension permission: resource://pdf.js/
1578925718015	addons.webextension.screenshots@mozilla.org	WARN	Loading extension 'screenshots@mozilla.org': Reading manifest: Invalid extension permission: about:reader*
JavaScript error: resource://gre/modules/XULStore.jsm, line 66: Error: Can't find profile directory.
1578925719254	Marionette	INFO	Listening on port 50641
1578925719464	Marionette	WARN	TLS certificate errors will be ignored for this session
JavaScript warning: https://z.moatads.com/bloombergprebidheader853620778109/moatheader.js, line 197: Error: WebGL warning: <SetDimensions>: Can't use WebGL in headless mode (https://bugzil.la/1375585).
JavaScript warning: https://z.moatads.com/bloombergprebidheader853620778109/moatheader.js, line 197: Error: WebGL warning: <SetDimensions>: Failed to create WebGL context: WebGL creation failed: 
* Can't use WebGL in headless mode (https://bugzil.la/1375585).
JavaScript warning: https://z.moatads.com/bloombergprebidheader853620778109/moatheader.js, line 197: Error: WebGL warning: <SetDimensions>: Can't use WebGL in headless mode (https://bugzil.la/1375585).
JavaScript warning: https://z.moatads.com/bloombergprebidheader853620778109/moatheader.js, line 197: Error: WebGL warning: <SetDimensions>: Failed to create WebGL context: WebGL creation failed: 
* Can't use WebGL in headless mode (https://bugzil.la/1375585).
JavaScript warning: https://www.bloomberg.com/8FCGYgk4/init.js, line 3: Error: WebGL warning: <SetDimensions>: Can't use WebGL in headless mode (https://bugzil.la/1375585).
JavaScript warning: https://www.bloomberg.com/8FCGYgk4/init.js, line 3: Error: WebGL warning: <SetDimensions>: Failed to create WebGL context: WebGL creation failed: 
* Can't use WebGL in headless mode (https://bugzil.la/1375585).
JavaScript warning: https://www.bloomberg.com/8FCGYgk4/init.js, line 3: Error: WebGL warning: <SetDimensions>: Can't use WebGL in headless mode (https://bugzil.la/1375585).
JavaScript warning: https://www.bloomberg.com/8FCGYgk4/init.js, line 3: Error: WebGL warning: <SetDimensions>: Failed to create WebGL context: WebGL creation failed: 
* Can't use WebGL in headless mode (https://bugzil.la/1375585).
JavaScript error: https://widgets.bankrate.com/js/bundle.min.js?rel=9754f27da2, line 42: SyntaxError: JSON.parse: unexpected character at line 1 column 1 of the JSON data
JavaScript error: https://widgets.bankrate.com/js/bundle.min.js?rel=9754f27da2, line 42: SyntaxError: JSON.parse: unexpected character at line 1 column 1 of the JSON data
JavaScript error: https://widgets.bankrate.com/js/bundle.min.js?rel=9754f27da2, line 42: SyntaxError: JSON.parse: unexpected character at line 1 column 1 of the JSON data
JavaScript error: https://widgets.bankrate.com/js/bundle.min.js?rel=9754f27da2, line 42: SyntaxError: JSON.parse: unexpected character at line 1 column 1 of the JSON data
JavaScript error: https://widgets.bankrate.com/js/bundle.min.js?rel=9754f27da2, line 42: SyntaxError: JSON.parse: unexpected character at line 1 column 1 of the JSON data
JavaScript error: https://widgets.bankrate.com/js/bundle.min.js?rel=9754f27da2, line 42: SyntaxError: JSON.parse: unexpected character at line 1 column 1 of the JSON data
JavaScript error: https://widgets.bankrate.com/js/bundle.min.js?rel=9754f27da2, line 42: SyntaxError: JSON.parse: unexpected character at line 1 column 1 of the JSON data
JavaScript error: https://widgets.bankrate.com/js/bundle.min.js?rel=9754f27da2, line 42: SyntaxError: JSON.parse: unexpected character at line 1 column 1 of the JSON data
1578925729118	Marionette	INFO	Stopped listening on port 50641
1578926867240	mozrunner::runner	INFO	Running command: "C:\\Program Files\\Mozilla Firefox\\firefox.exe" "-marionette" "-headless" "-foreground" "-no-remote" "-profile" "C:\\Users\\arpan\\AppData\\Local\\Temp\\rust_mozprofileNxUXXi"
*** You are running in headless mode.
1578926867696	addons.webextension.doh-rollout@mozilla.org	WARN	Loading extension 'doh-rollout@mozilla.org': Reading manifest: Invalid extension permission: networkStatus
1578926867783	addons.webextension.screenshots@mozilla.org	WARN	Loading extension 'screenshots@mozilla.org': Reading manifest: Invalid extension permission: mozillaAddons
1578926867783	addons.webextension.screenshots@mozilla.org	WARN	Loading extension 'screenshots@mozilla.org': Reading manifest: Invalid extension permission: telemetry
1578926867784	addons.webextension.screenshots@mozilla.org	WARN	Loading extension 'screenshots@mozilla.org': Reading manifest: Invalid extension permission: resource://pdf.js/
1578926867784	addons.webextension.screenshots@mozilla.org	WARN	Loading extension 'screenshots@mozilla.org': Reading manifest: Invalid extension permission: about:reader*
JavaScript error: resource://gre/modules/XULStore.jsm, line 66: Error: Can't find profile directory.
1578926868930	Marionette	INFO	Listening on port 51065
1578926869292	Marionette	WARN	TLS certificate errors will be ignored for this session
JavaScript warning: https://z.moatads.com/bloombergprebidheader853620778109/moatheader.js, line 197: Error: WebGL warning: <SetDimensions>: Can't use WebGL in headless mode (https://bugzil.la/1375585).
JavaScript warning: https://z.moatads.com/bloombergprebidheader853620778109/moatheader.js, line 197: Error: WebGL warning: <SetDimensions>: Failed to create WebGL context: WebGL creation failed: 
* Can't use WebGL in headless mode (https://bugzil.la/1375585).
JavaScript warning: https://z.moatads.com/bloombergprebidheader853620778109/moatheader.js, line 197: Error: WebGL warning: <SetDimensions>: Can't use WebGL in headless mode (https://bugzil.la/1375585).
JavaScript warning: https://z.moatads.com/bloombergprebidheader853620778109/moatheader.js, line 197: Error: WebGL warning: <SetDimensions>: Failed to create WebGL context: WebGL creation failed: 
* Can't use WebGL in headless mode (https://bugzil.la/1375585).
JavaScript warning: https://www.bloomberg.com/8FCGYgk4/init.js, line 3: Error: WebGL warning: <SetDimensions>: Can't use WebGL in headless mode (https://bugzil.la/1375585).
JavaScript warning: https://www.bloomberg.com/8FCGYgk4/init.js, line 3: Error: WebGL warning: <SetDimensions>: Failed to create WebGL context: WebGL creation failed: 
* Can't use WebGL in headless mode (https://bugzil.la/1375585).
JavaScript warning: https://www.bloomberg.com/8FCGYgk4/init.js, line 3: Error: WebGL warning: <SetDimensions>: Can't use WebGL in headless mode (https://bugzil.la/1375585).
JavaScript warning: https://www.bloomberg.com/8FCGYgk4/init.js, line 3: Error: WebGL warning: <SetDimensions>: Failed to create WebGL context: WebGL creation failed: 
* Can't use WebGL in headless mode (https://bugzil.la/1375585).
JavaScript error: https://assets.bwbx.io/s3/navi/js/header-19bc429f9942c7b6ccba.js, line 11: Error: Timed Out waiting for event: abba:ready
JavaScript error: https://widgets.bankrate.com/js/bundle.min.js?rel=9754f27da2, line 42: SyntaxError: JSON.parse: unexpected character at line 1 column 1 of the JSON data
JavaScript error: https://widgets.bankrate.com/js/bundle.min.js?rel=9754f27da2, line 42: SyntaxError: JSON.parse: unexpected character at line 1 column 1 of the JSON data
JavaScript error: https://widgets.bankrate.com/js/bundle.min.js?rel=9754f27da2, line 42: SyntaxError: JSON.parse: unexpected character at line 1 column 1 of the JSON data
JavaScript error: https://widgets.bankrate.com/js/bundle.min.js?rel=9754f27da2, line 42: SyntaxError: JSON.parse: unexpected character at line 1 column 1 of the JSON data
JavaScript error: https://widgets.bankrate.com/js/bundle.min.js?rel=9754f27da2, line 42: SyntaxError: JSON.parse: unexpected character at line 1 column 1 of the JSON data
JavaScript error: https://widgets.bankrate.com/js/bundle.min.js?rel=9754f27da2, line 42: SyntaxError: JSON.parse: unexpected character at line 1 column 1 of the JSON data
JavaScript error: https://widgets.bankrate.com/js/bundle.min.js?rel=9754f27da2, line 42: SyntaxError: JSON.parse: unexpected character at line 1 column 1 of the JSON data
JavaScript error: https://widgets.bankrate.com/js/bundle.min.js?rel=9754f27da2, line 42: SyntaxError: JSON.parse: unexpected character at line 1 column 1 of the JSON data
1578926882526	Marionette	INFO	Stopped listening on port 51065
1578926918702	mozrunner::runner	INFO	Running command: "C:\\Program Files\\Mozilla Firefox\\firefox.exe" "-marionette" "-headless" "-foreground" "-no-remote" "-profile" "C:\\Users\\arpan\\AppData\\Local\\Temp\\rust_mozprofileMtutoc"
*** You are running in headless mode.
1578926919168	addons.webextension.doh-rollout@mozilla.org	WARN	Loading extension 'doh-rollout@mozilla.org': Reading manifest: Invalid extension permission: networkStatus
1578926919254	addons.webextension.screenshots@mozilla.org	WARN	Loading extension 'screenshots@mozilla.org': Reading manifest: Invalid extension permission: mozillaAddons
1578926919254	addons.webextension.screenshots@mozilla.org	WARN	Loading extension 'screenshots@mozilla.org': Reading manifest: Invalid extension permission: telemetry
1578926919254	addons.webextension.screenshots@mozilla.org	WARN	Loading extension 'screenshots@mozilla.org': Reading manifest: Invalid extension permission: resource://pdf.js/
1578926919254	addons.webextension.screenshots@mozilla.org	WARN	Loading extension 'screenshots@mozilla.org': Reading manifest: Invalid extension permission: about:reader*
JavaScript error: resource://gre/modules/XULStore.jsm, line 66: Error: Can't find profile directory.
1578926920495	Marionette	INFO	Listening on port 51328
1578926920816	Marionette	WARN	TLS certificate errors will be ignored for this session
JavaScript warning: https://z.moatads.com/bloombergprebidheader853620778109/moatheader.js, line 197: Error: WebGL warning: <SetDimensions>: Can't use WebGL in headless mode (https://bugzil.la/1375585).
JavaScript warning: https://z.moatads.com/bloombergprebidheader853620778109/moatheader.js, line 197: Error: WebGL warning: <SetDimensions>: Failed to create WebGL context: WebGL creation failed: 
* Can't use WebGL in headless mode (https://bugzil.la/1375585).
JavaScript warning: https://z.moatads.com/bloombergprebidheader853620778109/moatheader.js, line 197: Error: WebGL warning: <SetDimensions>: Can't use WebGL in headless mode (https://bugzil.la/1375585).
JavaScript warning: https://z.moatads.com/bloombergprebidheader853620778109/moatheader.js, line 197: Error: WebGL warning: <SetDimensions>: Failed to create WebGL context: WebGL creation failed: 
* Can't use WebGL in headless mode (https://bugzil.la/1375585).
JavaScript warning: https://www.bloomberg.com/8FCGYgk4/init.js, line 3: Error: WebGL warning: <SetDimensions>: Can't use WebGL in headless mode (https://bugzil.la/1375585).
JavaScript warning: https://www.bloomberg.com/8FCGYgk4/init.js, line 3: Error: WebGL warning: <SetDimensions>: Failed to create WebGL context: WebGL creation failed: 
* Can't use WebGL in headless mode (https://bugzil.la/1375585).
JavaScript warning: https://www.bloomberg.com/8FCGYgk4/init.js, line 3: Error: WebGL warning: <SetDimensions>: Can't use WebGL in headless mode (https://bugzil.la/1375585).
JavaScript warning: https://www.bloomberg.com/8FCGYgk4/init.js, line 3: Error: WebGL warning: <SetDimensions>: Failed to create WebGL context: WebGL creation failed: 
* Can't use WebGL in headless mode (https://bugzil.la/1375585).
JavaScript error: https://widgets.bankrate.com/js/bundle.min.js?rel=9754f27da2, line 42: SyntaxError: JSON.parse: unexpected character at line 1 column 1 of the JSON data
JavaScript error: https://widgets.bankrate.com/js/bundle.min.js?rel=9754f27da2, line 42: SyntaxError: JSON.parse: unexpected character at line 1 column 1 of the JSON data
JavaScript error: https://widgets.bankrate.com/js/bundle.min.js?rel=9754f27da2, line 42: SyntaxError: JSON.parse: unexpected character at line 1 column 1 of the JSON data
JavaScript error: https://widgets.bankrate.com/js/bundle.min.js?rel=9754f27da2, line 42: SyntaxError: JSON.parse: unexpected character at line 1 column 1 of the JSON data
JavaScript error: https://widgets.bankrate.com/js/bundle.min.js?rel=9754f27da2, line 42: SyntaxError: JSON.parse: unexpected character at line 1 column 1 of the JSON data
JavaScript error: https://widgets.bankrate.com/js/bundle.min.js?rel=9754f27da2, line 42: SyntaxError: JSON.parse: unexpected character at line 1 column 1 of the JSON data
JavaScript error: https://widgets.bankrate.com/js/bundle.min.js?rel=9754f27da2, line 42: SyntaxError: JSON.parse: unexpected character at line 1 column 1 of the JSON data
JavaScript error: https://widgets.bankrate.com/js/bundle.min.js?rel=9754f27da2, line 42: SyntaxError: JSON.parse: unexpected character at line 1 column 1 of the JSON data
1578926930940	Marionette	INFO	Stopped listening on port 51328
1578927739344	mozrunner::runner	INFO	Running command: "C:\\Program Files\\Mozilla Firefox\\firefox.exe" "-marionette" "-headless" "-foreground" "-no-remote" "-profile" "C:\\Users\\arpan\\AppData\\Local\\Temp\\rust_mozprofilec2wDqr"
*** You are running in headless mode.
1578927739799	addons.webextension.doh-rollout@mozilla.org	WARN	Loading extension 'doh-rollout@mozilla.org': Reading manifest: Invalid extension permission: networkStatus
1578927739889	addons.webextension.screenshots@mozilla.org	WARN	Loading extension 'screenshots@mozilla.org': Reading manifest: Invalid extension permission: mozillaAddons
1578927739889	addons.webextension.screenshots@mozilla.org	WARN	Loading extension 'screenshots@mozilla.org': Reading manifest: Invalid extension permission: telemetry
1578927739890	addons.webextension.screenshots@mozilla.org	WARN	Loading extension 'screenshots@mozilla.org': Reading manifest: Invalid extension permission: resource://pdf.js/
1578927739890	addons.webextension.screenshots@mozilla.org	WARN	Loading extension 'screenshots@mozilla.org': Reading manifest: Invalid extension permission: about:reader*
JavaScript error: resource://gre/modules/XULStore.jsm, line 66: Error: Can't find profile directory.
1578927741150	Marionette	INFO	Listening on port 51722
1578927741793	Marionette	WARN	TLS certificate errors will be ignored for this session
JavaScript warning: https://z.moatads.com/bloombergprebidheader853620778109/moatheader.js, line 197: Error: WebGL warning: <SetDimensions>: Can't use WebGL in headless mode (https://bugzil.la/1375585).
JavaScript warning: https://z.moatads.com/bloombergprebidheader853620778109/moatheader.js, line 197: Error: WebGL warning: <SetDimensions>: Failed to create WebGL context: WebGL creation failed: 
* Can't use WebGL in headless mode (https://bugzil.la/1375585).
JavaScript warning: https://z.moatads.com/bloombergprebidheader853620778109/moatheader.js, line 197: Error: WebGL warning: <SetDimensions>: Can't use WebGL in headless mode (https://bugzil.la/1375585).
JavaScript warning: https://z.moatads.com/bloombergprebidheader853620778109/moatheader.js, line 197: Error: WebGL warning: <SetDimensions>: Failed to create WebGL context: WebGL creation failed: 
* Can't use WebGL in headless mode (https://bugzil.la/1375585).
JavaScript warning: https://www.bloomberg.com/8FCGYgk4/init.js, line 3: Error: WebGL warning: <SetDimensions>: Can't use WebGL in headless mode (https://bugzil.la/1375585).
JavaScript warning: https://www.bloomberg.com/8FCGYgk4/init.js, line 3: Error: WebGL warning: <SetDimensions>: Failed to create WebGL context: WebGL creation failed: 
* Can't use WebGL in headless mode (https://bugzil.la/1375585).
JavaScript warning: https://www.bloomberg.com/8FCGYgk4/init.js, line 3: Error: WebGL warning: <SetDimensions>: Can't use WebGL in headless mode (https://bugzil.la/1375585).
JavaScript warning: https://www.bloomberg.com/8FCGYgk4/init.js, line 3: Error: WebGL warning: <SetDimensions>: Failed to create WebGL context: WebGL creation failed: 
* Can't use WebGL in headless mode (https://bugzil.la/1375585).
JavaScript error: https://widgets.bankrate.com/js/bundle.min.js?rel=9754f27da2, line 42: SyntaxError: JSON.parse: unexpected character at line 1 column 1 of the JSON data
JavaScript error: https://widgets.bankrate.com/js/bundle.min.js?rel=9754f27da2, line 42: SyntaxError: JSON.parse: unexpected character at line 1 column 1 of the JSON data
JavaScript error: https://widgets.bankrate.com/js/bundle.min.js?rel=9754f27da2, line 42: SyntaxError: JSON.parse: unexpected character at line 1 column 1 of the JSON data
JavaScript error: https://widgets.bankrate.com/js/bundle.min.js?rel=9754f27da2, line 42: SyntaxError: JSON.parse: unexpected character at line 1 column 1 of the JSON data
JavaScript error: https://widgets.bankrate.com/js/bundle.min.js?rel=9754f27da2, line 42: SyntaxError: JSON.parse: unexpected character at line 1 column 1 of the JSON data
JavaScript error: https://widgets.bankrate.com/js/bundle.min.js?rel=9754f27da2, line 42: SyntaxError: JSON.parse: unexpected character at line 1 column 1 of the JSON data
JavaScript error: https://widgets.bankrate.com/js/bundle.min.js?rel=9754f27da2, line 42: SyntaxError: JSON.parse: unexpected character at line 1 column 1 of the JSON data
JavaScript error: https://widgets.bankrate.com/js/bundle.min.js?rel=9754f27da2, line 42: SyntaxError: JSON.parse: unexpected character at line 1 column 1 of the JSON data
1578927752031	Marionette	INFO	Stopped listening on port 51722
1578927861109	mozrunner::runner	INFO	Running command: "C:\\Program Files\\Mozilla Firefox\\firefox.exe" "-marionette" "-headless" "-foreground" "-no-remote" "-profile" "C:\\Users\\arpan\\AppData\\Local\\Temp\\rust_mozprofilelONH0o"
*** You are running in headless mode.
1578927861507	addons.webextension.doh-rollout@mozilla.org	WARN	Loading extension 'doh-rollout@mozilla.org': Reading manifest: Invalid extension permission: networkStatus
1578927861604	addons.webextension.screenshots@mozilla.org	WARN	Loading extension 'screenshots@mozilla.org': Reading manifest: Invalid extension permission: mozillaAddons
1578927861604	addons.webextension.screenshots@mozilla.org	WARN	Loading extension 'screenshots@mozilla.org': Reading manifest: Invalid extension permission: telemetry
1578927861604	addons.webextension.screenshots@mozilla.org	WARN	Loading extension 'screenshots@mozilla.org': Reading manifest: Invalid extension permission: resource://pdf.js/
1578927861604	addons.webextension.screenshots@mozilla.org	WARN	Loading extension 'screenshots@mozilla.org': Reading manifest: Invalid extension permission: about:reader*
JavaScript error: resource://gre/modules/XULStore.jsm, line 66: Error: Can't find profile directory.
1578927863098	Marionette	INFO	Listening on port 52014
1578927863157	Marionette	WARN	TLS certificate errors will be ignored for this session
JavaScript warning: https://z.moatads.com/bloombergprebidheader853620778109/moatheader.js, line 197: Error: WebGL warning: <SetDimensions>: Can't use WebGL in headless mode (https://bugzil.la/1375585).
JavaScript warning: https://z.moatads.com/bloombergprebidheader853620778109/moatheader.js, line 197: Error: WebGL warning: <SetDimensions>: Failed to create WebGL context: WebGL creation failed: 
* Can't use WebGL in headless mode (https://bugzil.la/1375585).
JavaScript warning: https://z.moatads.com/bloombergprebidheader853620778109/moatheader.js, line 197: Error: WebGL warning: <SetDimensions>: Can't use WebGL in headless mode (https://bugzil.la/1375585).
JavaScript warning: https://z.moatads.com/bloombergprebidheader853620778109/moatheader.js, line 197: Error: WebGL warning: <SetDimensions>: Failed to create WebGL context: WebGL creation failed: 
* Can't use WebGL in headless mode (https://bugzil.la/1375585).
JavaScript warning: https://www.bloomberg.com/8FCGYgk4/init.js, line 3: Error: WebGL warning: <SetDimensions>: Can't use WebGL in headless mode (https://bugzil.la/1375585).
JavaScript warning: https://www.bloomberg.com/8FCGYgk4/init.js, line 3: Error: WebGL warning: <SetDimensions>: Failed to create WebGL context: WebGL creation failed: 
* Can't use WebGL in headless mode (https://bugzil.la/1375585).
JavaScript warning: https://www.bloomberg.com/8FCGYgk4/init.js, line 3: Error: WebGL warning: <SetDimensions>: Can't use WebGL in headless mode (https://bugzil.la/1375585).
JavaScript warning: https://www.bloomberg.com/8FCGYgk4/init.js, line 3: Error: WebGL warning: <SetDimensions>: Failed to create WebGL context: WebGL creation failed: 
* Can't use WebGL in headless mode (https://bugzil.la/1375585).
JavaScript error: https://assets.bwbx.io/s3/navi/js/header-19bc429f9942c7b6ccba.js, line 11: Error: Timed Out waiting for event: abba:ready
1578927874509	Marionette	INFO	Stopped listening on port 52014
1578928076193	mozrunner::runner	INFO	Running command: "C:\\Program Files\\Mozilla Firefox\\firefox.exe" "-marionette" "-headless" "-foreground" "-no-remote" "-profile" "C:\\Users\\arpan\\AppData\\Local\\Temp\\rust_mozprofile0AMvwi"
*** You are running in headless mode.
1578928076636	addons.webextension.doh-rollout@mozilla.org	WARN	Loading extension 'doh-rollout@mozilla.org': Reading manifest: Invalid extension permission: networkStatus
1578928076733	addons.webextension.screenshots@mozilla.org	WARN	Loading extension 'screenshots@mozilla.org': Reading manifest: Invalid extension permission: mozillaAddons
1578928076733	addons.webextension.screenshots@mozilla.org	WARN	Loading extension 'screenshots@mozilla.org': Reading manifest: Invalid extension permission: telemetry
1578928076733	addons.webextension.screenshots@mozilla.org	WARN	Loading extension 'screenshots@mozilla.org': Reading manifest: Invalid extension permission: resource://pdf.js/
1578928076733	addons.webextension.screenshots@mozilla.org	WARN	Loading extension 'screenshots@mozilla.org': Reading manifest: Invalid extension permission: about:reader*
JavaScript error: resource://gre/modules/XULStore.jsm, line 66: Error: Can't find profile directory.
1578928078131	Marionette	INFO	Listening on port 52369
1578928078204	Marionette	WARN	TLS certificate errors will be ignored for this session
JavaScript warning: https://z.moatads.com/bloombergprebidheader853620778109/moatheader.js, line 197: Error: WebGL warning: <SetDimensions>: Can't use WebGL in headless mode (https://bugzil.la/1375585).
JavaScript warning: https://z.moatads.com/bloombergprebidheader853620778109/moatheader.js, line 197: Error: WebGL warning: <SetDimensions>: Failed to create WebGL context: WebGL creation failed: 
* Can't use WebGL in headless mode (https://bugzil.la/1375585).
JavaScript warning: https://z.moatads.com/bloombergprebidheader853620778109/moatheader.js, line 197: Error: WebGL warning: <SetDimensions>: Can't use WebGL in headless mode (https://bugzil.la/1375585).
JavaScript warning: https://z.moatads.com/bloombergprebidheader853620778109/moatheader.js, line 197: Error: WebGL warning: <SetDimensions>: Failed to create WebGL context: WebGL creation failed: 
* Can't use WebGL in headless mode (https://bugzil.la/1375585).
JavaScript warning: https://www.bloomberg.com/8FCGYgk4/init.js, line 3: Error: WebGL warning: <SetDimensions>: Can't use WebGL in headless mode (https://bugzil.la/1375585).
JavaScript warning: https://www.bloomberg.com/8FCGYgk4/init.js, line 3: Error: WebGL warning: <SetDimensions>: Failed to create WebGL context: WebGL creation failed: 
* Can't use WebGL in headless mode (https://bugzil.la/1375585).
JavaScript warning: https://www.bloomberg.com/8FCGYgk4/init.js, line 3: Error: WebGL warning: <SetDimensions>: Can't use WebGL in headless mode (https://bugzil.la/1375585).
JavaScript warning: https://www.bloomberg.com/8FCGYgk4/init.js, line 3: Error: WebGL warning: <SetDimensions>: Failed to create WebGL context: WebGL creation failed: 
* Can't use WebGL in headless mode (https://bugzil.la/1375585).
JavaScript error: https://widgets.bankrate.com/js/bundle.min.js?rel=9754f27da2, line 42: SyntaxError: JSON.parse: unexpected character at line 1 column 1 of the JSON data
JavaScript error: https://widgets.bankrate.com/js/bundle.min.js?rel=9754f27da2, line 42: SyntaxError: JSON.parse: unexpected character at line 1 column 1 of the JSON data
JavaScript error: https://widgets.bankrate.com/js/bundle.min.js?rel=9754f27da2, line 42: SyntaxError: JSON.parse: unexpected character at line 1 column 1 of the JSON data
JavaScript error: https://widgets.bankrate.com/js/bundle.min.js?rel=9754f27da2, line 42: SyntaxError: JSON.parse: unexpected character at line 1 column 1 of the JSON data
JavaScript error: https://widgets.bankrate.com/js/bundle.min.js?rel=9754f27da2, line 42: SyntaxError: JSON.parse: unexpected character at line 1 column 1 of the JSON data
JavaScript error: https://widgets.bankrate.com/js/bundle.min.js?rel=9754f27da2, line 42: SyntaxError: JSON.parse: unexpected character at line 1 column 1 of the JSON data
JavaScript error: https://widgets.bankrate.com/js/bundle.min.js?rel=9754f27da2, line 42: SyntaxError: JSON.parse: unexpected character at line 1 column 1 of the JSON data
JavaScript error: https://widgets.bankrate.com/js/bundle.min.js?rel=9754f27da2, line 42: SyntaxError: JSON.parse: unexpected character at line 1 column 1 of the JSON data
1578928087109	Marionette	INFO	Stopped listening on port 52369
1578928384989	mozrunner::runner	INFO	Running command: "C:\\Program Files\\Mozilla Firefox\\firefox.exe" "-marionette" "-headless" "-foreground" "-no-remote" "-profile" "C:\\Users\\arpan\\AppData\\Local\\Temp\\rust_mozprofile4sEuSr"
*** You are running in headless mode.
1578928385265	addons.webextension.doh-rollout@mozilla.org	WARN	Loading extension 'doh-rollout@mozilla.org': Reading manifest: Invalid extension permission: networkStatus
1578928385357	addons.webextension.screenshots@mozilla.org	WARN	Loading extension 'screenshots@mozilla.org': Reading manifest: Invalid extension permission: mozillaAddons
1578928385357	addons.webextension.screenshots@mozilla.org	WARN	Loading extension 'screenshots@mozilla.org': Reading manifest: Invalid extension permission: telemetry
1578928385357	addons.webextension.screenshots@mozilla.org	WARN	Loading extension 'screenshots@mozilla.org': Reading manifest: Invalid extension permission: resource://pdf.js/
1578928385357	addons.webextension.screenshots@mozilla.org	WARN	Loading extension 'screenshots@mozilla.org': Reading manifest: Invalid extension permission: about:reader*
JavaScript error: resource://gre/modules/XULStore.jsm, line 66: Error: Can't find profile directory.
1578928386588	Marionette	INFO	Listening on port 52730
1578928386996	Marionette	WARN	TLS certificate errors will be ignored for this session
JavaScript warning: https://z.moatads.com/bloombergprebidheader853620778109/moatheader.js, line 197: Error: WebGL warning: <SetDimensions>: Can't use WebGL in headless mode (https://bugzil.la/1375585).
JavaScript warning: https://z.moatads.com/bloombergprebidheader853620778109/moatheader.js, line 197: Error: WebGL warning: <SetDimensions>: Failed to create WebGL context: WebGL creation failed: 
* Can't use WebGL in headless mode (https://bugzil.la/1375585).
JavaScript warning: https://z.moatads.com/bloombergprebidheader853620778109/moatheader.js, line 197: Error: WebGL warning: <SetDimensions>: Can't use WebGL in headless mode (https://bugzil.la/1375585).
JavaScript warning: https://z.moatads.com/bloombergprebidheader853620778109/moatheader.js, line 197: Error: WebGL warning: <SetDimensions>: Failed to create WebGL context: WebGL creation failed: 
* Can't use WebGL in headless mode (https://bugzil.la/1375585).
JavaScript warning: https://www.bloomberg.com/8FCGYgk4/init.js, line 3: Error: WebGL warning: <SetDimensions>: Can't use WebGL in headless mode (https://bugzil.la/1375585).
JavaScript warning: https://www.bloomberg.com/8FCGYgk4/init.js, line 3: Error: WebGL warning: <SetDimensions>: Failed to create WebGL context: WebGL creation failed: 
* Can't use WebGL in headless mode (https://bugzil.la/1375585).
JavaScript warning: https://www.bloomberg.com/8FCGYgk4/init.js, line 3: Error: WebGL warning: <SetDimensions>: Can't use WebGL in headless mode (https://bugzil.la/1375585).
JavaScript warning: https://www.bloomberg.com/8FCGYgk4/init.js, line 3: Error: WebGL warning: <SetDimensions>: Failed to create WebGL context: WebGL creation failed: 
* Can't use WebGL in headless mode (https://bugzil.la/1375585).
JavaScript error: https://assets.bwbx.io/s3/navi/js/header-19bc429f9942c7b6ccba.js, line 11: Error: Timed Out waiting for event: abba:ready
JavaScript error: https://widgets.bankrate.com/js/bundle.min.js?rel=9754f27da2, line 42: SyntaxError: JSON.parse: unexpected character at line 1 column 1 of the JSON data
JavaScript error: https://widgets.bankrate.com/js/bundle.min.js?rel=9754f27da2, line 42: SyntaxError: JSON.parse: unexpected character at line 1 column 1 of the JSON data
JavaScript error: https://widgets.bankrate.com/js/bundle.min.js?rel=9754f27da2, line 42: SyntaxError: JSON.parse: unexpected character at line 1 column 1 of the JSON data
JavaScript error: https://widgets.bankrate.com/js/bundle.min.js?rel=9754f27da2, line 42: SyntaxError: JSON.parse: unexpected character at line 1 column 1 of the JSON data
JavaScript error: https://widgets.bankrate.com/js/bundle.min.js?rel=9754f27da2, line 42: SyntaxError: JSON.parse: unexpected character at line 1 column 1 of the JSON data
JavaScript error: https://widgets.bankrate.com/js/bundle.min.js?rel=9754f27da2, line 42: SyntaxError: JSON.parse: unexpected character at line 1 column 1 of the JSON data
JavaScript error: https://widgets.bankrate.com/js/bundle.min.js?rel=9754f27da2, line 42: SyntaxError: JSON.parse: unexpected character at line 1 column 1 of the JSON data
JavaScript error: https://widgets.bankrate.com/js/bundle.min.js?rel=9754f27da2, line 42: SyntaxError: JSON.parse: unexpected character at line 1 column 1 of the JSON data
1578928397414	Marionette	INFO	Stopped listening on port 52730
1578928687126	mozrunner::runner	INFO	Running command: "C:\\Program Files\\Mozilla Firefox\\firefox.exe" "-marionette" "-headless" "-foreground" "-no-remote" "-profile" "C:\\Users\\arpan\\AppData\\Local\\Temp\\rust_mozprofilekFuoNy"
*** You are running in headless mode.
1578928687841	addons.webextension.doh-rollout@mozilla.org	WARN	Loading extension 'doh-rollout@mozilla.org': Reading manifest: Invalid extension permission: networkStatus
1578928687936	addons.webextension.screenshots@mozilla.org	WARN	Loading extension 'screenshots@mozilla.org': Reading manifest: Invalid extension permission: mozillaAddons
1578928687936	addons.webextension.screenshots@mozilla.org	WARN	Loading extension 'screenshots@mozilla.org': Reading manifest: Invalid extension permission: telemetry
1578928687936	addons.webextension.screenshots@mozilla.org	WARN	Loading extension 'screenshots@mozilla.org': Reading manifest: Invalid extension permission: resource://pdf.js/
1578928687936	addons.webextension.screenshots@mozilla.org	WARN	Loading extension 'screenshots@mozilla.org': Reading manifest: Invalid extension permission: about:reader*
JavaScript error: resource://gre/modules/XULStore.jsm, line 66: Error: Can't find profile directory.
1578928689172	Marionette	INFO	Listening on port 53044
1578928689575	Marionette	WARN	TLS certificate errors will be ignored for this session
JavaScript warning: https://z.moatads.com/bloombergprebidheader853620778109/moatheader.js, line 197: Error: WebGL warning: <SetDimensions>: Can't use WebGL in headless mode (https://bugzil.la/1375585).
JavaScript warning: https://z.moatads.com/bloombergprebidheader853620778109/moatheader.js, line 197: Error: WebGL warning: <SetDimensions>: Failed to create WebGL context: WebGL creation failed: 
* Can't use WebGL in headless mode (https://bugzil.la/1375585).
JavaScript warning: https://z.moatads.com/bloombergprebidheader853620778109/moatheader.js, line 197: Error: WebGL warning: <SetDimensions>: Can't use WebGL in headless mode (https://bugzil.la/1375585).
JavaScript warning: https://z.moatads.com/bloombergprebidheader853620778109/moatheader.js, line 197: Error: WebGL warning: <SetDimensions>: Failed to create WebGL context: WebGL creation failed: 
* Can't use WebGL in headless mode (https://bugzil.la/1375585).
JavaScript warning: https://www.bloomberg.com/8FCGYgk4/init.js, line 3: Error: WebGL warning: <SetDimensions>: Can't use WebGL in headless mode (https://bugzil.la/1375585).
JavaScript warning: https://www.bloomberg.com/8FCGYgk4/init.js, line 3: Error: WebGL warning: <SetDimensions>: Failed to create WebGL context: WebGL creation failed: 
* Can't use WebGL in headless mode (https://bugzil.la/1375585).
JavaScript warning: https://www.bloomberg.com/8FCGYgk4/init.js, line 3: Error: WebGL warning: <SetDimensions>: Can't use WebGL in headless mode (https://bugzil.la/1375585).
JavaScript warning: https://www.bloomberg.com/8FCGYgk4/init.js, line 3: Error: WebGL warning: <SetDimensions>: Failed to create WebGL context: WebGL creation failed: 
* Can't use WebGL in headless mode (https://bugzil.la/1375585).
JavaScript error: https://widgets.bankrate.com/js/bundle.min.js?rel=9754f27da2, line 42: SyntaxError: JSON.parse: unexpected character at line 1 column 1 of the JSON data
JavaScript error: https://widgets.bankrate.com/js/bundle.min.js?rel=9754f27da2, line 42: SyntaxError: JSON.parse: unexpected character at line 1 column 1 of the JSON data
JavaScript error: https://widgets.bankrate.com/js/bundle.min.js?rel=9754f27da2, line 42: SyntaxError: JSON.parse: unexpected character at line 1 column 1 of the JSON data
JavaScript error: https://widgets.bankrate.com/js/bundle.min.js?rel=9754f27da2, line 42: SyntaxError: JSON.parse: unexpected character at line 1 column 1 of the JSON data
JavaScript error: https://widgets.bankrate.com/js/bundle.min.js?rel=9754f27da2, line 42: SyntaxError: JSON.parse: unexpected character at line 1 column 1 of the JSON data
JavaScript error: https://widgets.bankrate.com/js/bundle.min.js?rel=9754f27da2, line 42: SyntaxError: JSON.parse: unexpected character at line 1 column 1 of the JSON data
JavaScript error: https://widgets.bankrate.com/js/bundle.min.js?rel=9754f27da2, line 42: SyntaxError: JSON.parse: unexpected character at line 1 column 1 of the JSON data
JavaScript error: https://widgets.bankrate.com/js/bundle.min.js?rel=9754f27da2, line 42: SyntaxError: JSON.parse: unexpected character at line 1 column 1 of the JSON data
JavaScript error: , line 0: uncaught exception: Maximum retries reached
1578928712869	Marionette	INFO	Stopped listening on port 53044
1578928816161	mozrunner::runner	INFO	Running command: "C:\\Program Files\\Mozilla Firefox\\firefox.exe" "-marionette" "-headless" "-foreground" "-no-remote" "-profile" "C:\\Users\\arpan\\AppData\\Local\\Temp\\rust_mozprofileK1VcMf"
*** You are running in headless mode.
1578928816454	addons.webextension.doh-rollout@mozilla.org	WARN	Loading extension 'doh-rollout@mozilla.org': Reading manifest: Invalid extension permission: networkStatus
1578928816547	addons.webextension.screenshots@mozilla.org	WARN	Loading extension 'screenshots@mozilla.org': Reading manifest: Invalid extension permission: mozillaAddons
1578928816547	addons.webextension.screenshots@mozilla.org	WARN	Loading extension 'screenshots@mozilla.org': Reading manifest: Invalid extension permission: telemetry
1578928816548	addons.webextension.screenshots@mozilla.org	WARN	Loading extension 'screenshots@mozilla.org': Reading manifest: Invalid extension permission: resource://pdf.js/
1578928816548	addons.webextension.screenshots@mozilla.org	WARN	Loading extension 'screenshots@mozilla.org': Reading manifest: Invalid extension permission: about:reader*
JavaScript error: resource://gre/modules/XULStore.jsm, line 66: Error: Can't find profile directory.
1578928817733	Marionette	INFO	Listening on port 53360
1578928818177	Marionette	WARN	TLS certificate errors will be ignored for this session
JavaScript warning: https://z.moatads.com/bloombergprebidheader853620778109/moatheader.js, line 197: Error: WebGL warning: <SetDimensions>: Can't use WebGL in headless mode (https://bugzil.la/1375585).
JavaScript warning: https://z.moatads.com/bloombergprebidheader853620778109/moatheader.js, line 197: Error: WebGL warning: <SetDimensions>: Failed to create WebGL context: WebGL creation failed: 
* Can't use WebGL in headless mode (https://bugzil.la/1375585).
JavaScript warning: https://z.moatads.com/bloombergprebidheader853620778109/moatheader.js, line 197: Error: WebGL warning: <SetDimensions>: Can't use WebGL in headless mode (https://bugzil.la/1375585).
JavaScript warning: https://z.moatads.com/bloombergprebidheader853620778109/moatheader.js, line 197: Error: WebGL warning: <SetDimensions>: Failed to create WebGL context: WebGL creation failed: 
* Can't use WebGL in headless mode (https://bugzil.la/1375585).
JavaScript warning: https://www.bloomberg.com/8FCGYgk4/init.js, line 3: Error: WebGL warning: <SetDimensions>: Can't use WebGL in headless mode (https://bugzil.la/1375585).
JavaScript warning: https://www.bloomberg.com/8FCGYgk4/init.js, line 3: Error: WebGL warning: <SetDimensions>: Failed to create WebGL context: WebGL creation failed: 
* Can't use WebGL in headless mode (https://bugzil.la/1375585).
JavaScript warning: https://www.bloomberg.com/8FCGYgk4/init.js, line 3: Error: WebGL warning: <SetDimensions>: Can't use WebGL in headless mode (https://bugzil.la/1375585).
JavaScript warning: https://www.bloomberg.com/8FCGYgk4/init.js, line 3: Error: WebGL warning: <SetDimensions>: Failed to create WebGL context: WebGL creation failed: 
* Can't use WebGL in headless mode (https://bugzil.la/1375585).
JavaScript error: , line 0: uncaught exception: Maximum retries reached
1578928852363	Marionette	INFO	Stopped listening on port 53360
[Child 12284, MediaDecoderStateMachine #1] WARNING: Decoder=2669e112000 Decode error: NS_ERROR_DOM_MEDIA_FATAL_ERR (0x806e0005) - RefPtr<MediaSourceTrackDemuxer::SamplesPromise> __cdecl mozilla::MediaSourceTrackDemuxer::DoGetSamples(int32_t): manager is detached.: file z:/task_1578433236/build/src/dom/media/MediaDecoderStateMachine.cpp, line 3337
[Child 12284, MediaDecoderStateMachine #1] WARNING: Decoder=2669e112000 Decode error: NS_ERROR_DOM_MEDIA_FATAL_ERR (0x806e0005) - RefPtr<MediaSourceTrackDemuxer::SamplesPromise> __cdecl mozilla::MediaSourceTrackDemuxer::DoGetSamples(int32_t): manager is detached.: file z:/task_1578433236/build/src/dom/media/MediaDecoderStateMachine.cpp, line 3337

###!!! [Child][MessageChannel] Error: (msgtype=0x660029,name=PNecko::Msg_RemoveRequestContext) Channel closing: too late to send/recv, messages will be lost

1578928856976	mozrunner::runner	INFO	Running command: "C:\\Program Files\\Mozilla Firefox\\firefox.exe" "-marionette" "-headless" "-foreground" "-no-remote" "-profile" "C:\\Users\\arpan\\AppData\\Local\\Temp\\rust_mozprofileY52MS4"
*** You are running in headless mode.
1578928857263	addons.webextension.doh-rollout@mozilla.org	WARN	Loading extension 'doh-rollout@mozilla.org': Reading manifest: Invalid extension permission: networkStatus
1578928857351	addons.webextension.screenshots@mozilla.org	WARN	Loading extension 'screenshots@mozilla.org': Reading manifest: Invalid extension permission: mozillaAddons
1578928857351	addons.webextension.screenshots@mozilla.org	WARN	Loading extension 'screenshots@mozilla.org': Reading manifest: Invalid extension permission: telemetry
1578928857351	addons.webextension.screenshots@mozilla.org	WARN	Loading extension 'screenshots@mozilla.org': Reading manifest: Invalid extension permission: resource://pdf.js/
1578928857351	addons.webextension.screenshots@mozilla.org	WARN	Loading extension 'screenshots@mozilla.org': Reading manifest: Invalid extension permission: about:reader*
JavaScript error: resource://gre/modules/XULStore.jsm, line 66: Error: Can't find profile directory.
1578928858506	Marionette	INFO	Listening on port 53601
1578928858994	Marionette	WARN	TLS certificate errors will be ignored for this session
JavaScript warning: https://z.moatads.com/bloombergprebidheader853620778109/moatheader.js, line 197: Error: WebGL warning: <SetDimensions>: Can't use WebGL in headless mode (https://bugzil.la/1375585).
JavaScript warning: https://z.moatads.com/bloombergprebidheader853620778109/moatheader.js, line 197: Error: WebGL warning: <SetDimensions>: Failed to create WebGL context: WebGL creation failed: 
* Can't use WebGL in headless mode (https://bugzil.la/1375585).
JavaScript warning: https://z.moatads.com/bloombergprebidheader853620778109/moatheader.js, line 197: Error: WebGL warning: <SetDimensions>: Can't use WebGL in headless mode (https://bugzil.la/1375585).
JavaScript warning: https://z.moatads.com/bloombergprebidheader853620778109/moatheader.js, line 197: Error: WebGL warning: <SetDimensions>: Failed to create WebGL context: WebGL creation failed: 
* Can't use WebGL in headless mode (https://bugzil.la/1375585).
JavaScript warning: https://www.bloomberg.com/8FCGYgk4/init.js, line 3: Error: WebGL warning: <SetDimensions>: Can't use WebGL in headless mode (https://bugzil.la/1375585).
JavaScript warning: https://www.bloomberg.com/8FCGYgk4/init.js, line 3: Error: WebGL warning: <SetDimensions>: Failed to create WebGL context: WebGL creation failed: 
* Can't use WebGL in headless mode (https://bugzil.la/1375585).
JavaScript warning: https://www.bloomberg.com/8FCGYgk4/init.js, line 3: Error: WebGL warning: <SetDimensions>: Can't use WebGL in headless mode (https://bugzil.la/1375585).
JavaScript warning: https://www.bloomberg.com/8FCGYgk4/init.js, line 3: Error: WebGL warning: <SetDimensions>: Failed to create WebGL context: WebGL creation failed: 
* Can't use WebGL in headless mode (https://bugzil.la/1375585).
JavaScript error: https://widgets.bankrate.com/js/bundle.min.js?rel=9754f27da2, line 42: SyntaxError: JSON.parse: unexpected character at line 1 column 1 of the JSON data
JavaScript error: https://widgets.bankrate.com/js/bundle.min.js?rel=9754f27da2, line 42: SyntaxError: JSON.parse: unexpected character at line 1 column 1 of the JSON data
JavaScript error: https://widgets.bankrate.com/js/bundle.min.js?rel=9754f27da2, line 42: SyntaxError: JSON.parse: unexpected character at line 1 column 1 of the JSON data
JavaScript error: https://widgets.bankrate.com/js/bundle.min.js?rel=9754f27da2, line 42: SyntaxError: JSON.parse: unexpected character at line 1 column 1 of the JSON data
JavaScript error: https://widgets.bankrate.com/js/bundle.min.js?rel=9754f27da2, line 42: SyntaxError: JSON.parse: unexpected character at line 1 column 1 of the JSON data
JavaScript error: https://widgets.bankrate.com/js/bundle.min.js?rel=9754f27da2, line 42: SyntaxError: JSON.parse: unexpected character at line 1 column 1 of the JSON data
JavaScript error: https://widgets.bankrate.com/js/bundle.min.js?rel=9754f27da2, line 42: SyntaxError: JSON.parse: unexpected character at line 1 column 1 of the JSON data
JavaScript error: https://widgets.bankrate.com/js/bundle.min.js?rel=9754f27da2, line 42: SyntaxError: JSON.parse: unexpected character at line 1 column 1 of the JSON data
1578928870138	Marionette	INFO	Stopped listening on port 53601
1578928875015	mozrunner::runner	INFO	Running command: "C:\\Program Files\\Mozilla Firefox\\firefox.exe" "-marionette" "-headless" "-foreground" "-no-remote" "-profile" "C:\\Users\\arpan\\AppData\\Local\\Temp\\rust_mozprofilexFl3Oc"
*** You are running in headless mode.
1578928875289	addons.webextension.doh-rollout@mozilla.org	WARN	Loading extension 'doh-rollout@mozilla.org': Reading manifest: Invalid extension permission: networkStatus
1578928875381	addons.webextension.screenshots@mozilla.org	WARN	Loading extension 'screenshots@mozilla.org': Reading manifest: Invalid extension permission: mozillaAddons
1578928875381	addons.webextension.screenshots@mozilla.org	WARN	Loading extension 'screenshots@mozilla.org': Reading manifest: Invalid extension permission: telemetry
1578928875381	addons.webextension.screenshots@mozilla.org	WARN	Loading extension 'screenshots@mozilla.org': Reading manifest: Invalid extension permission: resource://pdf.js/
1578928875381	addons.webextension.screenshots@mozilla.org	WARN	Loading extension 'screenshots@mozilla.org': Reading manifest: Invalid extension permission: about:reader*
JavaScript error: resource://gre/modules/XULStore.jsm, line 66: Error: Can't find profile directory.
1578928876531	Marionette	INFO	Listening on port 53850
1578928877024	Marionette	WARN	TLS certificate errors will be ignored for this session
JavaScript warning: https://www.bloomberg.com/8FCGYgk4/init.js, line 3: Error: WebGL warning: <SetDimensions>: Can't use WebGL in headless mode (https://bugzil.la/1375585).
JavaScript warning: https://www.bloomberg.com/8FCGYgk4/init.js, line 3: Error: WebGL warning: <SetDimensions>: Failed to create WebGL context: WebGL creation failed: 
* Can't use WebGL in headless mode (https://bugzil.la/1375585).
JavaScript warning: https://www.bloomberg.com/8FCGYgk4/init.js, line 3: Error: WebGL warning: <SetDimensions>: Can't use WebGL in headless mode (https://bugzil.la/1375585).
JavaScript warning: https://www.bloomberg.com/8FCGYgk4/init.js, line 3: Error: WebGL warning: <SetDimensions>: Failed to create WebGL context: WebGL creation failed: 
* Can't use WebGL in headless mode (https://bugzil.la/1375585).
JavaScript warning: https://z.moatads.com/bloombergprebidheader853620778109/moatheader.js, line 197: Error: WebGL warning: <SetDimensions>: Can't use WebGL in headless mode (https://bugzil.la/1375585).
JavaScript warning: https://z.moatads.com/bloombergprebidheader853620778109/moatheader.js, line 197: Error: WebGL warning: <SetDimensions>: Failed to create WebGL context: WebGL creation failed: 
* Can't use WebGL in headless mode (https://bugzil.la/1375585).
JavaScript warning: https://z.moatads.com/bloombergprebidheader853620778109/moatheader.js, line 197: Error: WebGL warning: <SetDimensions>: Can't use WebGL in headless mode (https://bugzil.la/1375585).
JavaScript warning: https://z.moatads.com/bloombergprebidheader853620778109/moatheader.js, line 197: Error: WebGL warning: <SetDimensions>: Failed to create WebGL context: WebGL creation failed: 
* Can't use WebGL in headless mode (https://bugzil.la/1375585).
JavaScript error: https://widgets.bankrate.com/js/bundle.min.js?rel=9754f27da2, line 42: SyntaxError: JSON.parse: unexpected character at line 1 column 1 of the JSON data
JavaScript error: https://widgets.bankrate.com/js/bundle.min.js?rel=9754f27da2, line 42: SyntaxError: JSON.parse: unexpected character at line 1 column 1 of the JSON data
JavaScript error: https://widgets.bankrate.com/js/bundle.min.js?rel=9754f27da2, line 42: SyntaxError: JSON.parse: unexpected character at line 1 column 1 of the JSON data
JavaScript error: https://widgets.bankrate.com/js/bundle.min.js?rel=9754f27da2, line 42: SyntaxError: JSON.parse: unexpected character at line 1 column 1 of the JSON data
JavaScript error: https://widgets.bankrate.com/js/bundle.min.js?rel=9754f27da2, line 42: SyntaxError: JSON.parse: unexpected character at line 1 column 1 of the JSON data
JavaScript error: https://widgets.bankrate.com/js/bundle.min.js?rel=9754f27da2, line 42: SyntaxError: JSON.parse: unexpected character at line 1 column 1 of the JSON data
JavaScript error: https://widgets.bankrate.com/js/bundle.min.js?rel=9754f27da2, line 42: SyntaxError: JSON.parse: unexpected character at line 1 column 1 of the JSON data
JavaScript error: https://widgets.bankrate.com/js/bundle.min.js?rel=9754f27da2, line 42: SyntaxError: JSON.parse: unexpected character at line 1 column 1 of the JSON data
JavaScript error: https://widgets.bankrate.com/js/bundle.min.js?rel=9754f27da2, line 42: SyntaxError: JSON.parse: unexpected character at line 1 column 1 of the JSON data
1578928890921	Marionette	INFO	Stopped listening on port 53850
[Parent 11536, Gecko_IOThread] WARNING: pipe error: 232: file z:/task_1578433236/build/src/ipc/chromium/src/chrome/common/ipc_channel_win.cc, line 507
1578928907179	mozrunner::runner	INFO	Running command: "C:\\Program Files\\Mozilla Firefox\\firefox.exe" "-marionette" "-headless" "-foreground" "-no-remote" "-profile" "C:\\Users\\arpan\\AppData\\Local\\Temp\\rust_mozprofileh6gjz5"
*** You are running in headless mode.
1578928907454	addons.webextension.doh-rollout@mozilla.org	WARN	Loading extension 'doh-rollout@mozilla.org': Reading manifest: Invalid extension permission: networkStatus
1578928907544	addons.webextension.screenshots@mozilla.org	WARN	Loading extension 'screenshots@mozilla.org': Reading manifest: Invalid extension permission: mozillaAddons
1578928907544	addons.webextension.screenshots@mozilla.org	WARN	Loading extension 'screenshots@mozilla.org': Reading manifest: Invalid extension permission: telemetry
1578928907544	addons.webextension.screenshots@mozilla.org	WARN	Loading extension 'screenshots@mozilla.org': Reading manifest: Invalid extension permission: resource://pdf.js/
1578928907544	addons.webextension.screenshots@mozilla.org	WARN	Loading extension 'screenshots@mozilla.org': Reading manifest: Invalid extension permission: about:reader*
JavaScript error: resource://gre/modules/XULStore.jsm, line 66: Error: Can't find profile directory.
1578928908737	Marionette	INFO	Listening on port 54101
1578928909187	Marionette	WARN	TLS certificate errors will be ignored for this session
JavaScript warning: https://www.bloomberg.com/8FCGYgk4/init.js, line 3: Error: WebGL warning: <SetDimensions>: Can't use WebGL in headless mode (https://bugzil.la/1375585).
JavaScript warning: https://www.bloomberg.com/8FCGYgk4/init.js, line 3: Error: WebGL warning: <SetDimensions>: Failed to create WebGL context: WebGL creation failed: 
* Can't use WebGL in headless mode (https://bugzil.la/1375585).
JavaScript warning: https://www.bloomberg.com/8FCGYgk4/init.js, line 3: Error: WebGL warning: <SetDimensions>: Can't use WebGL in headless mode (https://bugzil.la/1375585).
JavaScript warning: https://www.bloomberg.com/8FCGYgk4/init.js, line 3: Error: WebGL warning: <SetDimensions>: Failed to create WebGL context: WebGL creation failed: 
* Can't use WebGL in headless mode (https://bugzil.la/1375585).
JavaScript warning: https://z.moatads.com/bloombergprebidheader853620778109/moatheader.js, line 197: Error: WebGL warning: <SetDimensions>: Can't use WebGL in headless mode (https://bugzil.la/1375585).
JavaScript warning: https://z.moatads.com/bloombergprebidheader853620778109/moatheader.js, line 197: Error: WebGL warning: <SetDimensions>: Failed to create WebGL context: WebGL creation failed: 
* Can't use WebGL in headless mode (https://bugzil.la/1375585).
JavaScript warning: https://z.moatads.com/bloombergprebidheader853620778109/moatheader.js, line 197: Error: WebGL warning: <SetDimensions>: Can't use WebGL in headless mode (https://bugzil.la/1375585).
JavaScript warning: https://z.moatads.com/bloombergprebidheader853620778109/moatheader.js, line 197: Error: WebGL warning: <SetDimensions>: Failed to create WebGL context: WebGL creation failed: 
* Can't use WebGL in headless mode (https://bugzil.la/1375585).
JavaScript error: https://widgets.bankrate.com/js/bundle.min.js?rel=9754f27da2, line 42: SyntaxError: JSON.parse: unexpected character at line 1 column 1 of the JSON data
JavaScript error: https://widgets.bankrate.com/js/bundle.min.js?rel=9754f27da2, line 42: SyntaxError: JSON.parse: unexpected character at line 1 column 1 of the JSON data
JavaScript error: https://widgets.bankrate.com/js/bundle.min.js?rel=9754f27da2, line 42: SyntaxError: JSON.parse: unexpected character at line 1 column 1 of the JSON data
JavaScript error: https://widgets.bankrate.com/js/bundle.min.js?rel=9754f27da2, line 42: SyntaxError: JSON.parse: unexpected character at line 1 column 1 of the JSON data
JavaScript error: https://widgets.bankrate.com/js/bundle.min.js?rel=9754f27da2, line 42: SyntaxError: JSON.parse: unexpected character at line 1 column 1 of the JSON data
JavaScript error: https://widgets.bankrate.com/js/bundle.min.js?rel=9754f27da2, line 42: SyntaxError: JSON.parse: unexpected character at line 1 column 1 of the JSON data
JavaScript error: https://widgets.bankrate.com/js/bundle.min.js?rel=9754f27da2, line 42: SyntaxError: JSON.parse: unexpected character at line 1 column 1 of the JSON data
JavaScript error: https://widgets.bankrate.com/js/bundle.min.js?rel=9754f27da2, line 42: SyntaxError: JSON.parse: unexpected character at line 1 column 1 of the JSON data
JavaScript error: https://widgets.bankrate.com/js/bundle.min.js?rel=9754f27da2, line 42: SyntaxError: JSON.parse: unexpected character at line 1 column 1 of the JSON data
1578928920922	Marionette	INFO	Stopped listening on port 54101

###!!! [Child][RunMessage] Error: Channel closing: too late to send/recv, messages will be lost


###!!! [Child][MessageChannel] Error: (msgtype=0x370126,name=PContent::Msg_ScriptError) Channel closing: too late to send/recv, messages will be lost

1578928925734	mozrunner::runner	INFO	Running command: "C:\\Program Files\\Mozilla Firefox\\firefox.exe" "-marionette" "-headless" "-foreground" "-no-remote" "-profile" "C:\\Users\\arpan\\AppData\\Local\\Temp\\rust_mozprofileez4u5b"
*** You are running in headless mode.
1578928926002	addons.webextension.doh-rollout@mozilla.org	WARN	Loading extension 'doh-rollout@mozilla.org': Reading manifest: Invalid extension permission: networkStatus
1578928926103	addons.webextension.screenshots@mozilla.org	WARN	Loading extension 'screenshots@mozilla.org': Reading manifest: Invalid extension permission: mozillaAddons
1578928926103	addons.webextension.screenshots@mozilla.org	WARN	Loading extension 'screenshots@mozilla.org': Reading manifest: Invalid extension permission: telemetry
1578928926103	addons.webextension.screenshots@mozilla.org	WARN	Loading extension 'screenshots@mozilla.org': Reading manifest: Invalid extension permission: resource://pdf.js/
1578928926103	addons.webextension.screenshots@mozilla.org	WARN	Loading extension 'screenshots@mozilla.org': Reading manifest: Invalid extension permission: about:reader*
JavaScript error: resource://gre/modules/XULStore.jsm, line 66: Error: Can't find profile directory.
1578928927411	Marionette	INFO	Listening on port 54334
1578928927745	Marionette	WARN	TLS certificate errors will be ignored for this session
JavaScript warning: https://www.bloomberg.com/8FCGYgk4/init.js, line 3: Error: WebGL warning: <SetDimensions>: Can't use WebGL in headless mode (https://bugzil.la/1375585).
JavaScript warning: https://www.bloomberg.com/8FCGYgk4/init.js, line 3: Error: WebGL warning: <SetDimensions>: Failed to create WebGL context: WebGL creation failed: 
* Can't use WebGL in headless mode (https://bugzil.la/1375585).
JavaScript warning: https://www.bloomberg.com/8FCGYgk4/init.js, line 3: Error: WebGL warning: <SetDimensions>: Can't use WebGL in headless mode (https://bugzil.la/1375585).
JavaScript warning: https://www.bloomberg.com/8FCGYgk4/init.js, line 3: Error: WebGL warning: <SetDimensions>: Failed to create WebGL context: WebGL creation failed: 
* Can't use WebGL in headless mode (https://bugzil.la/1375585).
JavaScript warning: https://z.moatads.com/bloombergprebidheader853620778109/moatheader.js, line 197: Error: WebGL warning: <SetDimensions>: Can't use WebGL in headless mode (https://bugzil.la/1375585).
JavaScript warning: https://z.moatads.com/bloombergprebidheader853620778109/moatheader.js, line 197: Error: WebGL warning: <SetDimensions>: Failed to create WebGL context: WebGL creation failed: 
* Can't use WebGL in headless mode (https://bugzil.la/1375585).
JavaScript warning: https://z.moatads.com/bloombergprebidheader853620778109/moatheader.js, line 197: Error: WebGL warning: <SetDimensions>: Can't use WebGL in headless mode (https://bugzil.la/1375585).
JavaScript warning: https://z.moatads.com/bloombergprebidheader853620778109/moatheader.js, line 197: Error: WebGL warning: <SetDimensions>: Failed to create WebGL context: WebGL creation failed: 
* Can't use WebGL in headless mode (https://bugzil.la/1375585).
JavaScript error: https://widgets.bankrate.com/js/bundle.min.js?rel=9754f27da2, line 42: SyntaxError: JSON.parse: unexpected character at line 1 column 1 of the JSON data
JavaScript error: https://widgets.bankrate.com/js/bundle.min.js?rel=9754f27da2, line 42: SyntaxError: JSON.parse: unexpected character at line 1 column 1 of the JSON data
JavaScript error: https://widgets.bankrate.com/js/bundle.min.js?rel=9754f27da2, line 42: SyntaxError: JSON.parse: unexpected character at line 1 column 1 of the JSON data
JavaScript error: https://widgets.bankrate.com/js/bundle.min.js?rel=9754f27da2, line 42: SyntaxError: JSON.parse: unexpected character at line 1 column 1 of the JSON data
JavaScript error: https://widgets.bankrate.com/js/bundle.min.js?rel=9754f27da2, line 42: SyntaxError: JSON.parse: unexpected character at line 1 column 1 of the JSON data
JavaScript error: https://widgets.bankrate.com/js/bundle.min.js?rel=9754f27da2, line 42: SyntaxError: JSON.parse: unexpected character at line 1 column 1 of the JSON data
JavaScript error: https://widgets.bankrate.com/js/bundle.min.js?rel=9754f27da2, line 42: SyntaxError: JSON.parse: unexpected character at line 1 column 1 of the JSON data
JavaScript error: https://widgets.bankrate.com/js/bundle.min.js?rel=9754f27da2, line 42: SyntaxError: JSON.parse: unexpected character at line 1 column 1 of the JSON data
JavaScript error: https://widgets.bankrate.com/js/bundle.min.js?rel=9754f27da2, line 42: SyntaxError: JSON.parse: unexpected character at line 1 column 1 of the JSON data
1578928941261	Marionette	INFO	Stopped listening on port 54334
1578928946033	mozrunner::runner	INFO	Running command: "C:\\Program Files\\Mozilla Firefox\\firefox.exe" "-marionette" "-headless" "-foreground" "-no-remote" "-profile" "C:\\Users\\arpan\\AppData\\Local\\Temp\\rust_mozprofilechyV23"
*** You are running in headless mode.
1578928946345	addons.webextension.doh-rollout@mozilla.org	WARN	Loading extension 'doh-rollout@mozilla.org': Reading manifest: Invalid extension permission: networkStatus
1578928946433	addons.webextension.screenshots@mozilla.org	WARN	Loading extension 'screenshots@mozilla.org': Reading manifest: Invalid extension permission: mozillaAddons
1578928946433	addons.webextension.screenshots@mozilla.org	WARN	Loading extension 'screenshots@mozilla.org': Reading manifest: Invalid extension permission: telemetry
1578928946433	addons.webextension.screenshots@mozilla.org	WARN	Loading extension 'screenshots@mozilla.org': Reading manifest: Invalid extension permission: resource://pdf.js/
1578928946433	addons.webextension.screenshots@mozilla.org	WARN	Loading extension 'screenshots@mozilla.org': Reading manifest: Invalid extension permission: about:reader*
JavaScript error: resource://gre/modules/XULStore.jsm, line 66: Error: Can't find profile directory.
1578928947585	Marionette	INFO	Listening on port 54581
1578928948047	Marionette	WARN	TLS certificate errors will be ignored for this session
JavaScript warning: https://z.moatads.com/bloombergprebidheader853620778109/moatheader.js, line 197: Error: WebGL warning: <SetDimensions>: Can't use WebGL in headless mode (https://bugzil.la/1375585).
JavaScript warning: https://z.moatads.com/bloombergprebidheader853620778109/moatheader.js, line 197: Error: WebGL warning: <SetDimensions>: Failed to create WebGL context: WebGL creation failed: 
* Can't use WebGL in headless mode (https://bugzil.la/1375585).
JavaScript warning: https://z.moatads.com/bloombergprebidheader853620778109/moatheader.js, line 197: Error: WebGL warning: <SetDimensions>: Can't use WebGL in headless mode (https://bugzil.la/1375585).
JavaScript warning: https://z.moatads.com/bloombergprebidheader853620778109/moatheader.js, line 197: Error: WebGL warning: <SetDimensions>: Failed to create WebGL context: WebGL creation failed: 
* Can't use WebGL in headless mode (https://bugzil.la/1375585).
JavaScript warning: https://www.bloomberg.com/8FCGYgk4/init.js, line 3: Error: WebGL warning: <SetDimensions>: Can't use WebGL in headless mode (https://bugzil.la/1375585).
JavaScript warning: https://www.bloomberg.com/8FCGYgk4/init.js, line 3: Error: WebGL warning: <SetDimensions>: Failed to create WebGL context: WebGL creation failed: 
* Can't use WebGL in headless mode (https://bugzil.la/1375585).
JavaScript warning: https://www.bloomberg.com/8FCGYgk4/init.js, line 3: Error: WebGL warning: <SetDimensions>: Can't use WebGL in headless mode (https://bugzil.la/1375585).
JavaScript warning: https://www.bloomberg.com/8FCGYgk4/init.js, line 3: Error: WebGL warning: <SetDimensions>: Failed to create WebGL context: WebGL creation failed: 
* Can't use WebGL in headless mode (https://bugzil.la/1375585).
JavaScript error: https://widgets.bankrate.com/js/bundle.min.js?rel=9754f27da2, line 42: SyntaxError: JSON.parse: unexpected character at line 1 column 1 of the JSON data
JavaScript error: https://widgets.bankrate.com/js/bundle.min.js?rel=9754f27da2, line 42: SyntaxError: JSON.parse: unexpected character at line 1 column 1 of the JSON data
JavaScript error: https://widgets.bankrate.com/js/bundle.min.js?rel=9754f27da2, line 42: SyntaxError: JSON.parse: unexpected character at line 1 column 1 of the JSON data
JavaScript error: https://widgets.bankrate.com/js/bundle.min.js?rel=9754f27da2, line 42: SyntaxError: JSON.parse: unexpected character at line 1 column 1 of the JSON data
JavaScript error: https://widgets.bankrate.com/js/bundle.min.js?rel=9754f27da2, line 42: SyntaxError: JSON.parse: unexpected character at line 1 column 1 of the JSON data
JavaScript error: https://widgets.bankrate.com/js/bundle.min.js?rel=9754f27da2, line 42: SyntaxError: JSON.parse: unexpected character at line 1 column 1 of the JSON data
JavaScript error: https://widgets.bankrate.com/js/bundle.min.js?rel=9754f27da2, line 42: SyntaxError: JSON.parse: unexpected character at line 1 column 1 of the JSON data
JavaScript error: https://widgets.bankrate.com/js/bundle.min.js?rel=9754f27da2, line 42: SyntaxError: JSON.parse: unexpected character at line 1 column 1 of the JSON data
1578928959033	Marionette	INFO	Stopped listening on port 54581
1578931771239	mozrunner::runner	INFO	Running command: "C:\\Program Files\\Mozilla Firefox\\firefox.exe" "-marionette" "-headless" "-foreground" "-no-remote" "-profile" "C:\\Users\\arpan\\AppData\\Local\\Temp\\rust_mozprofileretQrw"
*** You are running in headless mode.
1578931772020	addons.webextension.doh-rollout@mozilla.org	WARN	Loading extension 'doh-rollout@mozilla.org': Reading manifest: Invalid extension permission: networkStatus
1578931772115	addons.webextension.screenshots@mozilla.org	WARN	Loading extension 'screenshots@mozilla.org': Reading manifest: Invalid extension permission: mozillaAddons
1578931772115	addons.webextension.screenshots@mozilla.org	WARN	Loading extension 'screenshots@mozilla.org': Reading manifest: Invalid extension permission: telemetry
1578931772115	addons.webextension.screenshots@mozilla.org	WARN	Loading extension 'screenshots@mozilla.org': Reading manifest: Invalid extension permission: resource://pdf.js/
1578931772115	addons.webextension.screenshots@mozilla.org	WARN	Loading extension 'screenshots@mozilla.org': Reading manifest: Invalid extension permission: about:reader*
JavaScript error: resource://gre/modules/XULStore.jsm, line 66: Error: Can't find profile directory.
1578931773329	Marionette	INFO	Listening on port 55400
1578931773354	Marionette	WARN	TLS certificate errors will be ignored for this session
1578931817685	mozrunner::runner	INFO	Running command: "C:\\Program Files\\Mozilla Firefox\\firefox.exe" "-marionette" "-headless" "-foreground" "-no-remote" "-profile" "C:\\Users\\arpan\\AppData\\Local\\Temp\\rust_mozprofile9SVPE5"
*** You are running in headless mode.
1578931817947	addons.webextension.doh-rollout@mozilla.org	WARN	Loading extension 'doh-rollout@mozilla.org': Reading manifest: Invalid extension permission: networkStatus
1578931818038	addons.webextension.screenshots@mozilla.org	WARN	Loading extension 'screenshots@mozilla.org': Reading manifest: Invalid extension permission: mozillaAddons
1578931818038	addons.webextension.screenshots@mozilla.org	WARN	Loading extension 'screenshots@mozilla.org': Reading manifest: Invalid extension permission: telemetry
1578931818038	addons.webextension.screenshots@mozilla.org	WARN	Loading extension 'screenshots@mozilla.org': Reading manifest: Invalid extension permission: resource://pdf.js/
1578931818038	addons.webextension.screenshots@mozilla.org	WARN	Loading extension 'screenshots@mozilla.org': Reading manifest: Invalid extension permission: about:reader*
JavaScript error: resource://gre/modules/XULStore.jsm, line 66: Error: Can't find profile directory.
1578931819206	Marionette	INFO	Listening on port 55443
1578931819703	Marionette	WARN	TLS certificate errors will be ignored for this session
1578931938773	mozrunner::runner	INFO	Running command: "C:\\Program Files\\Mozilla Firefox\\firefox.exe" "-marionette" "-headless" "-foreground" "-no-remote" "-profile" "C:\\Users\\arpan\\AppData\\Local\\Temp\\rust_mozprofileRmVeCM"
*** You are running in headless mode.
1578931939035	addons.webextension.doh-rollout@mozilla.org	WARN	Loading extension 'doh-rollout@mozilla.org': Reading manifest: Invalid extension permission: networkStatus
1578931939123	addons.webextension.screenshots@mozilla.org	WARN	Loading extension 'screenshots@mozilla.org': Reading manifest: Invalid extension permission: mozillaAddons
1578931939123	addons.webextension.screenshots@mozilla.org	WARN	Loading extension 'screenshots@mozilla.org': Reading manifest: Invalid extension permission: telemetry
1578931939124	addons.webextension.screenshots@mozilla.org	WARN	Loading extension 'screenshots@mozilla.org': Reading manifest: Invalid extension permission: resource://pdf.js/
1578931939124	addons.webextension.screenshots@mozilla.org	WARN	Loading extension 'screenshots@mozilla.org': Reading manifest: Invalid extension permission: about:reader*
JavaScript error: resource://gre/modules/XULStore.jsm, line 66: Error: Can't find profile directory.
1578931940287	Marionette	INFO	Listening on port 55511
1578931940292	Marionette	WARN	TLS certificate errors will be ignored for this session
1578931989109	mozrunner::runner	INFO	Running command: "C:\\Program Files\\Mozilla Firefox\\firefox.exe" "-marionette" "-headless" "-foreground" "-no-remote" "-profile" "C:\\Users\\arpan\\AppData\\Local\\Temp\\rust_mozprofileZc7zHQ"
*** You are running in headless mode.
1578931989377	addons.webextension.doh-rollout@mozilla.org	WARN	Loading extension 'doh-rollout@mozilla.org': Reading manifest: Invalid extension permission: networkStatus
1578931989468	addons.webextension.screenshots@mozilla.org	WARN	Loading extension 'screenshots@mozilla.org': Reading manifest: Invalid extension permission: mozillaAddons
1578931989468	addons.webextension.screenshots@mozilla.org	WARN	Loading extension 'screenshots@mozilla.org': Reading manifest: Invalid extension permission: telemetry
1578931989468	addons.webextension.screenshots@mozilla.org	WARN	Loading extension 'screenshots@mozilla.org': Reading manifest: Invalid extension permission: resource://pdf.js/
1578931989468	addons.webextension.screenshots@mozilla.org	WARN	Loading extension 'screenshots@mozilla.org': Reading manifest: Invalid extension permission: about:reader*
JavaScript error: resource://gre/modules/XULStore.jsm, line 66: Error: Can't find profile directory.
1578931990622	Marionette	INFO	Listening on port 55558
1578931991119	Marionette	WARN	TLS certificate errors will be ignored for this session
JavaScript warning: https://www.bloomberg.com/8FCGYgk4/init.js, line 3: Error: WebGL warning: <SetDimensions>: Can't use WebGL in headless mode (https://bugzil.la/1375585).
JavaScript warning: https://www.bloomberg.com/8FCGYgk4/init.js, line 3: Error: WebGL warning: <SetDimensions>: Failed to create WebGL context: WebGL creation failed: 
* Can't use WebGL in headless mode (https://bugzil.la/1375585).
JavaScript warning: https://www.bloomberg.com/8FCGYgk4/init.js, line 3: Error: WebGL warning: <SetDimensions>: Can't use WebGL in headless mode (https://bugzil.la/1375585).
JavaScript warning: https://www.bloomberg.com/8FCGYgk4/init.js, line 3: Error: WebGL warning: <SetDimensions>: Failed to create WebGL context: WebGL creation failed: 
* Can't use WebGL in headless mode (https://bugzil.la/1375585).
JavaScript warning: https://z.moatads.com/bloombergprebidheader853620778109/moatheader.js, line 197: Error: WebGL warning: <SetDimensions>: Can't use WebGL in headless mode (https://bugzil.la/1375585).
JavaScript warning: https://z.moatads.com/bloombergprebidheader853620778109/moatheader.js, line 197: Error: WebGL warning: <SetDimensions>: Failed to create WebGL context: WebGL creation failed: 
* Can't use WebGL in headless mode (https://bugzil.la/1375585).
JavaScript warning: https://z.moatads.com/bloombergprebidheader853620778109/moatheader.js, line 197: Error: WebGL warning: <SetDimensions>: Can't use WebGL in headless mode (https://bugzil.la/1375585).
JavaScript warning: https://z.moatads.com/bloombergprebidheader853620778109/moatheader.js, line 197: Error: WebGL warning: <SetDimensions>: Failed to create WebGL context: WebGL creation failed: 
* Can't use WebGL in headless mode (https://bugzil.la/1375585).
JavaScript error: https://widgets.bankrate.com/js/bundle.min.js?rel=9754f27da2, line 42: SyntaxError: JSON.parse: unexpected character at line 1 column 1 of the JSON data
JavaScript error: https://widgets.bankrate.com/js/bundle.min.js?rel=9754f27da2, line 42: SyntaxError: JSON.parse: unexpected character at line 1 column 1 of the JSON data
JavaScript error: https://widgets.bankrate.com/js/bundle.min.js?rel=9754f27da2, line 42: SyntaxError: JSON.parse: unexpected character at line 1 column 1 of the JSON data
JavaScript error: https://widgets.bankrate.com/js/bundle.min.js?rel=9754f27da2, line 42: SyntaxError: JSON.parse: unexpected character at line 1 column 1 of the JSON data
JavaScript error: https://widgets.bankrate.com/js/bundle.min.js?rel=9754f27da2, line 42: SyntaxError: JSON.parse: unexpected character at line 1 column 1 of the JSON data
JavaScript error: https://widgets.bankrate.com/js/bundle.min.js?rel=9754f27da2, line 42: SyntaxError: JSON.parse: unexpected character at line 1 column 1 of the JSON data
JavaScript error: https://widgets.bankrate.com/js/bundle.min.js?rel=9754f27da2, line 42: SyntaxError: JSON.parse: unexpected character at line 1 column 1 of the JSON data
JavaScript error: https://widgets.bankrate.com/js/bundle.min.js?rel=9754f27da2, line 42: SyntaxError: JSON.parse: unexpected character at line 1 column 1 of the JSON data
JavaScript error: https://widgets.bankrate.com/js/bundle.min.js?rel=9754f27da2, line 42: SyntaxError: JSON.parse: unexpected character at line 1 column 1 of the JSON data
1578932012195	Marionette	INFO	Stopped listening on port 55558
